# JRE version: Java(TM) SE Runtime Environment (8.0_221-b11) (build 1.8.0_221-b11)
# Java VM: Java HotSpot(TM) 64-Bit Server VM (25.221-b11 mixed mode windows-amd64 compressed oops)
Heap:
 PSYoungGen      total 186368K, used 19262K [0x000000076b380000, 0x000000077ad80000, 0x00000007c0000000)
  eden space 173056K, 11% used [0x000000076b380000,0x000000076c64fa08,0x0000000775c80000)
  from space 13312K, 0% used [0x0000000775c80000,0x0000000775c80000,0x0000000776980000)
  to   space 14336K, 0% used [0x0000000779f80000,0x0000000779f80000,0x000000077ad80000)
 ParOldGen       total 175616K, used 21963K [0x00000006c1a00000, 0x00000006cc580000, 0x000000076b380000)
  object space 175616K, 12% used [0x00000006c1a00000,0x00000006c2f72f28,0x00000006cc580000)
 Metaspace       used 57857K, capacity 60528K, committed 60800K, reserved 1101824K
  class space    used 7501K, capacity 7990K, committed 8064K, reserved 1048576K
GC Heap History (10 events):
Event: 14.298 GC heap before
{Heap before GC invocations=8 (full 2):
 PSYoungGen      total 117248K, used 8697K [0x000000076b380000, 0x0000000773180000, 0x00000007c0000000)
  eden space 108544K, 0% used [0x000000076b380000,0x000000076b380000,0x0000000771d80000)
  from space 8704K, 99% used [0x0000000772900000,0x000000077317e4b0,0x0000000773180000)
  to   space 10240K, 0% used [0x0000000771d80000,0x0000000771d80000,0x0000000772780000)
 ParOldGen       total 100352K, used 7724K [0x00000006c1a00000, 0x00000006c7c00000, 0x000000076b380000)
  object space 100352K, 7% used [0x00000006c1a00000,0x00000006c218b270,0x00000006c7c00000)
 Metaspace       used 33912K, capacity 35300K, committed 35416K, reserved 1081344K
  class space    used 4329K, capacity 4597K, committed 4608K, reserved 1048576K
Event: 14.352 GC heap after
Heap after GC invocations=8 (full 2):
 PSYoungGen      total 117248K, used 0K [0x000000076b380000, 0x0000000773180000, 0x00000007c0000000)
  eden space 108544K, 0% used [0x000000076b380000,0x000000076b380000,0x0000000771d80000)
  from space 8704K, 0% used [0x0000000772900000,0x0000000772900000,0x0000000773180000)
  to   space 10240K, 0% used [0x0000000771d80000,0x0000000771d80000,0x0000000772780000)
 ParOldGen       total 138240K, used 13700K [0x00000006c1a00000, 0x00000006ca100000, 0x000000076b380000)
  object space 138240K, 9% used [0x00000006c1a00000,0x00000006c27610c0,0x00000006ca100000)
 Metaspace       used 33912K, capacity 35300K, committed 35416K, reserved 1081344K
  class space    used 4329K, capacity 4597K, committed 4608K, reserved 1048576K
}
Event: 17.341 GC heap before
{Heap before GC invocations=9 (full 2):
 PSYoungGen      total 117248K, used 108544K [0x000000076b380000, 0x0000000773180000, 0x00000007c0000000)
  eden space 108544K, 100% used [0x000000076b380000,0x0000000771d80000,0x0000000771d80000)
  from space 8704K, 0% used [0x0000000772900000,0x0000000772900000,0x0000000773180000)
  to   space 10240K, 0% used [0x0000000771d80000,0x0000000771d80000,0x0000000772780000)
 ParOldGen       total 138240K, used 13700K [0x00000006c1a00000, 0x00000006ca100000, 0x000000076b380000)
  object space 138240K, 9% used [0x00000006c1a00000,0x00000006c27610c0,0x00000006ca100000)
 Metaspace       used 42608K, capacity 44436K, committed 44672K, reserved 1087488K
  class space    used 5572K, capacity 5911K, committed 6016K, reserved 1048576K
Event: 17.361 GC heap after
Heap after GC invocations=9 (full 2):
 PSYoungGen      total 118784K, used 9753K [0x000000076b380000, 0x0000000777680000, 0x00000007c0000000)
  eden space 108544K, 0% used [0x000000076b380000,0x000000076b380000,0x0000000771d80000)
  from space 10240K, 95% used [0x0000000771d80000,0x00000007727064c0,0x0000000772780000)
  to   space 10752K, 0% used [0x0000000776c00000,0x0000000776c00000,0x0000000777680000)
 ParOldGen       total 138240K, used 13708K [0x00000006c1a00000, 0x00000006ca100000, 0x000000076b380000)
  object space 138240K, 9% used [0x00000006c1a00000,0x00000006c27630c0,0x00000006ca100000)
 Metaspace       used 42608K, capacity 44436K, committed 44672K, reserved 1087488K
  class space    used 5572K, capacity 5911K, committed 6016K, reserved 1048576K
}
Event: 195.227 GC heap before
{Heap before GC invocations=10 (full 2):
 PSYoungGen      total 118784K, used 118297K [0x000000076b380000, 0x0000000777680000, 0x00000007c0000000)
  eden space 108544K, 100% used [0x000000076b380000,0x0000000771d80000,0x0000000771d80000)
  from space 10240K, 95% used [0x0000000771d80000,0x00000007727064c0,0x0000000772780000)
  to   space 10752K, 0% used [0x0000000776c00000,0x0000000776c00000,0x0000000777680000)
 ParOldGen       total 138240K, used 13708K [0x00000006c1a00000, 0x00000006ca100000, 0x000000076b380000)
  object space 138240K, 9% used [0x00000006c1a00000,0x00000006c27630c0,0x00000006ca100000)
 Metaspace       used 51891K, capacity 54180K, committed 54272K, reserved 1095680K
  class space    used 6740K, capacity 7153K, committed 7168K, reserved 1048576K
Event: 195.266 GC heap after
Heap after GC invocations=10 (full 2):
 PSYoungGen      total 181760K, used 10745K [0x000000076b380000, 0x0000000777680000, 0x00000007c0000000)
  eden space 171008K, 0% used [0x000000076b380000,0x000000076b380000,0x0000000775a80000)
  from space 10752K, 99% used [0x0000000776c00000,0x000000077767e6a0,0x0000000777680000)
  to   space 13312K, 0% used [0x0000000775c80000,0x0000000775c80000,0x0000000776980000)
 ParOldGen       total 138240K, used 16571K [0x00000006c1a00000, 0x00000006ca100000, 0x000000076b380000)
  object space 138240K, 11% used [0x00000006c1a00000,0x00000006c2a2ec18,0x00000006ca100000)
 Metaspace       used 51891K, capacity 54180K, committed 54272K, reserved 1095680K
  class space    used 6740K, capacity 7153K, committed 7168K, reserved 1048576K
}
Event: 198.414 GC heap before
{Heap before GC invocations=11 (full 2):
 PSYoungGen      total 181760K, used 76648K [0x000000076b380000, 0x0000000777680000, 0x00000007c0000000)
  eden space 171008K, 38% used [0x000000076b380000,0x000000076f3dbbd0,0x0000000775a80000)
  from space 10752K, 99% used [0x0000000776c00000,0x000000077767e6a0,0x0000000777680000)
  to   space 13312K, 0% used [0x0000000775c80000,0x0000000775c80000,0x0000000776980000)
 ParOldGen       total 138240K, used 16571K [0x00000006c1a00000, 0x00000006ca100000, 0x000000076b380000)
  object space 138240K, 11% used [0x00000006c1a00000,0x00000006c2a2ec18,0x00000006ca100000)
 Metaspace       used 56314K, capacity 58940K, committed 59028K, reserved 1099776K
  class space    used 7337K, capacity 7849K, committed 7936K, reserved 1048576K
Event: 198.430 GC heap after
Heap after GC invocations=11 (full 2):
 PSYoungGen      total 186368K, used 13298K [0x000000076b380000, 0x000000077ad80000, 0x00000007c0000000)
  eden space 173056K, 0% used [0x000000076b380000,0x000000076b380000,0x0000000775c80000)
  from space 13312K, 99% used [0x0000000775c80000,0x000000077697ca28,0x0000000776980000)
  to   space 14336K, 0% used [0x0000000779f80000,0x0000000779f80000,0x000000077ad80000)
 ParOldGen       total 138240K, used 16625K [0x00000006c1a00000, 0x00000006ca100000, 0x000000076b380000)
  object space 138240K, 12% used [0x00000006c1a00000,0x00000006c2a3c5f0,0x00000006ca100000)
 Metaspace       used 56314K, capacity 58940K, committed 59028K, reserved 1099776K
  class space    used 7337K, capacity 7849K, committed 7936K, reserved 1048576K
}
Event: 198.430 GC heap before
{Heap before GC invocations=12 (full 3):
 PSYoungGen      total 186368K, used 13298K [0x000000076b380000, 0x000000077ad80000, 0x00000007c0000000)
  eden space 173056K, 0% used [0x000000076b380000,0x000000076b380000,0x0000000775c80000)
  from space 13312K, 99% used [0x0000000775c80000,0x000000077697ca28,0x0000000776980000)
  to   space 14336K, 0% used [0x0000000779f80000,0x0000000779f80000,0x000000077ad80000)
 ParOldGen       total 138240K, used 16625K [0x00000006c1a00000, 0x00000006ca100000, 0x000000076b380000)
  object space 138240K, 12% used [0x00000006c1a00000,0x00000006c2a3c5f0,0x00000006ca100000)
 Metaspace       used 56314K, capacity 58940K, committed 59028K, reserved 1099776K
  class space    used 7337K, capacity 7849K, committed 7936K, reserved 1048576K
Event: 198.570 GC heap after
Heap after GC invocations=12 (full 3):
 PSYoungGen      total 186368K, used 0K [0x000000076b380000, 0x000000077ad80000, 0x00000007c0000000)
  eden space 173056K, 0% used [0x000000076b380000,0x000000076b380000,0x0000000775c80000)
  from space 13312K, 0% used [0x0000000775c80000,0x0000000775c80000,0x0000000776980000)
  to   space 14336K, 0% used [0x0000000779f80000,0x0000000779f80000,0x000000077ad80000)
 ParOldGen       total 175616K, used 21963K [0x00000006c1a00000, 0x00000006cc580000, 0x000000076b380000)
  object space 175616K, 12% used [0x00000006c1a00000,0x00000006c2f72f28,0x00000006cc580000)
 Metaspace       used 56314K, capacity 58940K, committed 59028K, reserved 1099776K
  class space    used 7337K, capacity 7849K, committed 7936K, reserved 1048576K
}

